{
	"numTotalTestSuites": 2,
	"numPassedTestSuites": 2,
	"numFailedTestSuites": 0,
	"numPendingTestSuites": 0,
	"numTotalTests": 4,
	"numPassedTests": 4,
	"numFailedTests": 0,
	"numPendingTests": 0,
	"numTodoTests": 0,
	"snapshot": {
		"added": 0,
		"failure": false,
		"filesAdded": 0,
		"filesRemoved": 0,
		"filesRemovedList": [],
		"filesUnmatched": 0,
		"filesUpdated": 0,
		"matched": 0,
		"total": 0,
		"unchecked": 0,
		"uncheckedKeysByFile": [],
		"unmatched": 0,
		"updated": 0,
		"didUpdate": false
	},
	"startTime": 1730216648806,
	"success": true,
	"testResults": [
		{
			"assertionResults": [
				{
					"ancestorTitles": ["ReCaptchaV3"],
					"fullName": "ReCaptchaV3 loads the reCAPTCHA script if not present",
					"status": "passed",
					"title": "loads the reCAPTCHA script if not present",
					"duration": 33.379000000000815,
					"failureMessages": [],
					"meta": {}
				},
				{
					"ancestorTitles": ["ReCaptchaV3"],
					"fullName": "ReCaptchaV3 calls the grecaptcha execute function and verifies the token",
					"status": "passed",
					"title": "calls the grecaptcha execute function and verifies the token",
					"duration": 9.444600000000719,
					"failureMessages": [],
					"meta": {}
				},
				{
					"ancestorTitles": ["ReCaptchaV3"],
					"fullName": "ReCaptchaV3 handles grecaptcha failure gracefully",
					"status": "passed",
					"title": "handles grecaptcha failure gracefully",
					"duration": 15.928299999999581,
					"failureMessages": [],
					"meta": {}
				},
				{
					"ancestorTitles": ["ReCaptchaV3"],
					"fullName": "ReCaptchaV3 does not load the reCAPTCHA script if already present",
					"status": "passed",
					"title": "does not load the reCAPTCHA script if already present",
					"duration": 6.9879000000000815,
					"failureMessages": [],
					"meta": {}
				}
			],
			"startTime": 1730216653109,
			"endTime": 1730216653174.9878,
			"status": "passed",
			"message": "",
			"name": "C:/Users/OneGa/git/CuponZ/frontend/test/components/captcha.test.jsx"
		}
	]
}
